<?xml version="1.0" encoding="UTF-8"?>
<coverage generated="1560802479701" clover="3.2.0">
  <project timestamp="1560802479702" name="All files">
    <metrics statements="102" coveredstatements="33" conditionals="20" coveredconditionals="2" methods="41" coveredmethods="18" elements="163" coveredelements="53" complexity="0" loc="102" ncloc="102" packages="6" files="7" classes="7">
      <package name="src">
        <metrics statements="56" coveredstatements="0" conditionals="16" coveredconditionals="0" methods="18" coveredmethods="0"/>
        <file name="App.js" path="C:\Users\B40429\client-list\src\App.js">
          <metrics statements="51" coveredstatements="0" conditionals="16" coveredconditionals="0" methods="18" coveredmethods="0"/>
          <line num="1" count="0" type="stmt"/>
          <line num="2" count="0" type="stmt"/>
          <line num="3" count="0" type="stmt"/>
          <line num="4" count="0" type="stmt"/>
          <line num="5" count="0" type="stmt"/>
          <line num="6" count="0" type="stmt"/>
          <line num="8" count="0" type="stmt"/>
          <line num="9" count="0" type="stmt"/>
          <line num="10" count="0" type="stmt"/>
          <line num="41" count="0" type="stmt"/>
          <line num="42" count="0" type="stmt"/>
          <line num="43" count="0" type="stmt"/>
          <line num="58" count="0" type="stmt"/>
          <line num="62" count="0" type="stmt"/>
          <line num="63" count="0" type="stmt"/>
          <line num="64" count="0" type="stmt"/>
          <line num="65" count="0" type="stmt"/>
          <line num="69" count="0" type="stmt"/>
          <line num="70" count="0" type="stmt"/>
          <line num="71" count="0" type="cond" truecount="0" falsecount="2"/>
          <line num="72" count="0" type="stmt"/>
          <line num="73" count="0" type="stmt"/>
          <line num="78" count="0" type="stmt"/>
          <line num="82" count="0" type="stmt"/>
          <line num="87" count="0" type="stmt"/>
          <line num="96" count="0" type="cond" truecount="0" falsecount="2"/>
          <line num="98" count="0" type="stmt"/>
          <line num="99" count="0" type="stmt"/>
          <line num="101" count="0" type="cond" truecount="0" falsecount="2"/>
          <line num="102" count="0" type="stmt"/>
          <line num="104" count="0" type="stmt"/>
          <line num="108" count="0" type="stmt"/>
          <line num="110" count="0" type="stmt"/>
          <line num="111" count="0" type="stmt"/>
          <line num="117" count="0" type="stmt"/>
          <line num="118" count="0" type="stmt"/>
          <line num="121" count="0" type="stmt"/>
          <line num="125" count="0" type="stmt"/>
          <line num="126" count="0" type="stmt"/>
          <line num="127" count="0" type="cond" truecount="0" falsecount="2"/>
          <line num="130" count="0" type="stmt"/>
          <line num="131" count="0" type="stmt"/>
          <line num="132" count="0" type="stmt"/>
          <line num="133" count="0" type="stmt"/>
          <line num="135" count="0" type="cond" truecount="0" falsecount="2"/>
          <line num="137" count="0" type="stmt"/>
          <line num="142" count="0" type="stmt"/>
          <line num="143" count="0" type="stmt"/>
          <line num="147" count="0" type="stmt"/>
          <line num="149" count="0" type="stmt"/>
          <line num="162" count="0" type="stmt"/>
        </file>
        <file name="index.js" path="C:\Users\B40429\client-list\src\index.js">
          <metrics statements="5" coveredstatements="0" conditionals="0" coveredconditionals="0" methods="0" coveredmethods="0"/>
          <line num="1" count="0" type="stmt"/>
          <line num="2" count="0" type="stmt"/>
          <line num="3" count="0" type="stmt"/>
          <line num="4" count="0" type="stmt"/>
          <line num="6" count="0" type="stmt"/>
        </file>
      </package>
      <package name="src.components.alphapicker">
        <metrics statements="12" coveredstatements="12" conditionals="2" coveredconditionals="2" methods="6" coveredmethods="6"/>
        <file name="index.js" path="C:\Users\B40429\client-list\src\components\alphapicker\index.js">
          <metrics statements="12" coveredstatements="12" conditionals="2" coveredconditionals="2" methods="6" coveredmethods="6"/>
          <line num="5" count="1" type="stmt"/>
          <line num="6" count="5" type="stmt"/>
          <line num="7" count="15" type="stmt"/>
          <line num="9" count="1" type="stmt"/>
          <line num="17" count="1" type="stmt"/>
          <line num="18" count="5" type="stmt"/>
          <line num="20" count="5" type="stmt"/>
          <line num="21" count="2" type="stmt"/>
          <line num="22" count="2" type="stmt"/>
          <line num="25" count="5" type="stmt"/>
          <line num="29" count="1" type="stmt"/>
          <line num="39" count="1" type="stmt"/>
        </file>
      </package>
      <package name="src.components.aside">
        <metrics statements="13" coveredstatements="0" conditionals="2" coveredconditionals="0" methods="5" coveredmethods="0"/>
        <file name="index.js" path="C:\Users\B40429\client-list\src\components\aside\index.js">
          <metrics statements="13" coveredstatements="0" conditionals="2" coveredconditionals="0" methods="5" coveredmethods="0"/>
          <line num="1" count="0" type="stmt"/>
          <line num="2" count="0" type="stmt"/>
          <line num="3" count="0" type="stmt"/>
          <line num="4" count="0" type="stmt"/>
          <line num="6" count="0" type="stmt"/>
          <line num="7" count="0" type="stmt"/>
          <line num="11" count="0" type="stmt"/>
          <line num="12" count="0" type="stmt"/>
          <line num="16" count="0" type="stmt"/>
          <line num="27" count="0" type="stmt"/>
          <line num="28" count="0" type="stmt"/>
          <line num="32" count="0" type="stmt"/>
          <line num="42" count="0" type="stmt"/>
        </file>
      </package>
      <package name="src.components.client">
        <metrics statements="7" coveredstatements="7" conditionals="0" coveredconditionals="0" methods="4" coveredmethods="4"/>
        <file name="index.js" path="C:\Users\B40429\client-list\src\components\client\index.js">
          <metrics statements="7" coveredstatements="7" conditionals="0" coveredconditionals="0" methods="4" coveredmethods="4"/>
          <line num="4" count="6" type="stmt"/>
          <line num="6" count="2" type="stmt"/>
          <line num="7" count="5" type="stmt"/>
          <line num="9" count="6" type="stmt"/>
          <line num="16" count="2" type="stmt"/>
          <line num="17" count="5" type="stmt"/>
          <line num="19" count="5" type="stmt"/>
        </file>
      </package>
      <package name="src.components.clientList">
        <metrics statements="3" coveredstatements="3" conditionals="0" coveredconditionals="0" methods="2" coveredmethods="2"/>
        <file name="index.js" path="C:\Users\B40429\client-list\src\components\clientList\index.js">
          <metrics statements="3" coveredstatements="3" conditionals="0" coveredconditionals="0" methods="2" coveredmethods="2"/>
          <line num="5" count="1" type="stmt"/>
          <line num="6" count="1" type="stmt"/>
          <line num="9" count="4" type="stmt"/>
        </file>
      </package>
      <package name="src.components.filterSection">
        <metrics statements="11" coveredstatements="11" conditionals="0" coveredconditionals="0" methods="6" coveredmethods="6"/>
        <file name="index.js" path="C:\Users\B40429\client-list\src\components\filterSection\index.js">
          <metrics statements="11" coveredstatements="11" conditionals="0" coveredconditionals="0" methods="6" coveredmethods="6"/>
          <line num="6" count="1" type="stmt"/>
          <line num="7" count="1" type="stmt"/>
          <line num="14" count="1" type="stmt"/>
          <line num="15" count="2" type="stmt"/>
          <line num="17" count="6" type="stmt"/>
          <line num="21" count="1" type="stmt"/>
          <line num="32" count="1" type="stmt"/>
          <line num="33" count="2" type="stmt"/>
          <line num="39" count="1" type="stmt"/>
          <line num="40" count="2" type="stmt"/>
          <line num="47" count="1" type="stmt"/>
        </file>
      </package>
    </metrics>
  </project>
</coverage>
