{"C:\\Users\\B40429\\client-list\\src\\App.js": {"path":"C:\\Users\\B40429\\client-list\\src\\App.js","statementMap":{"0":{"start":{"line":1,"column":0},"end":{"line":null,"column":-1}},"1":{"start":{"line":2,"column":0},"end":{"line":null,"column":-1}},"2":{"start":{"line":3,"column":0},"end":{"line":null,"column":-1}},"3":{"start":{"line":4,"column":0},"end":{"line":null,"column":-1}},"4":{"start":{"line":5,"column":0},"end":{"line":null,"column":-1}},"5":{"start":{"line":6,"column":0},"end":{"line":null,"column":-1}},"6":{"start":{"line":8,"column":15},"end":{"line":8,"column":0}},"7":{"start":{"line":9,"column":17},"end":{"line":9,"column":0}},"8":{"start":{"line":10,"column":14},"end":{"line":10,"column":0}},"9":{"start":{"line":42,"column":4},"end":{"line":null,"column":-1}},"10":{"start":{"line":41,"column":16},"end":{"line":null,"column":-1}},"11":{"start":{"line":62,"column":4},"end":{"line":41,"column":16}},"12":{"start":{"line":63,"column":16},"end":{"line":63,"column":6}},"13":{"start":{"line":64,"column":6},"end":{"line":null,"column":-1}},"14":{"start":{"line":65,"column":6},"end":{"line":null,"column":-1}},"15":{"start":{"line":43,"column":4},"end":{"line":null,"column":-1}},"16":{"start":{"line":58,"column":4},"end":{"line":null,"column":-1}},"17":{"start":{"line":69,"column":4},"end":{"line":null,"column":-1}},"18":{"start":{"line":70,"column":21},"end":{"line":70,"column":6}},"19":{"start":{"line":71,"column":6},"end":{"line":71,"column":22}},"20":{"start":{"line":71,"column":22},"end":{"line":null,"column":-1}},"21":{"start":{"line":72,"column":6},"end":{"line":null,"column":-1}},"22":{"start":{"line":73,"column":6},"end":{"line":null,"column":-1}},"23":{"start":{"line":78,"column":26},"end":{"line":78,"column":4}},"24":{"start":{"line":82,"column":28},"end":{"line":82,"column":4}},"25":{"start":{"line":87,"column":4},"end":{"line":null,"column":-1}},"26":{"start":{"line":96,"column":4},"end":{"line":96,"column":15}},"27":{"start":{"line":96,"column":15},"end":{"line":null,"column":-1}},"28":{"start":{"line":98,"column":29},"end":{"line":95,"column":37}},"29":{"start":{"line":99,"column":20},"end":{"line":99,"column":4}},"30":{"start":{"line":101,"column":4},"end":{"line":102,"column":9}},"31":{"start":{"line":101,"column":16},"end":{"line":101,"column":4}},"32":{"start":{"line":102,"column":9},"end":{"line":null,"column":-1}},"33":{"start":{"line":104,"column":4},"end":{"line":null,"column":-1}},"34":{"start":{"line":108,"column":25},"end":{"line":108,"column":4}},"35":{"start":{"line":110,"column":25},"end":{"line":110,"column":4}},"36":{"start":{"line":111,"column":6},"end":{"line":110,"column":4}},"37":{"start":{"line":117,"column":27},"end":{"line":117,"column":4}},"38":{"start":{"line":118,"column":6},"end":{"line":117,"column":4}},"39":{"start":{"line":121,"column":14},"end":{"line":119,"column":10}},"40":{"start":{"line":125,"column":26},"end":{"line":125,"column":4}},"41":{"start":{"line":126,"column":6},"end":{"line":125,"column":4}},"42":{"start":{"line":127,"column":29},"end":{"line":127,"column":10}},"43":{"start":{"line":130,"column":27},"end":{"line":130,"column":4}},"44":{"start":{"line":131,"column":26},"end":{"line":131,"column":6}},"45":{"start":{"line":132,"column":23},"end":{"line":132,"column":6}},"46":{"start":{"line":133,"column":30},"end":{"line":133,"column":6}},"47":{"start":{"line":135,"column":6},"end":{"line":null,"column":-1}},"48":{"start":{"line":137,"column":4},"end":{"line":null,"column":-1}},"49":{"start":{"line":142,"column":4},"end":{"line":null,"column":-1}},"50":{"start":{"line":143,"column":6},"end":{"line":142,"column":4}},"51":{"start":{"line":147,"column":24},"end":{"line":147,"column":8}},"52":{"start":{"line":149,"column":8},"end":{"line":null,"column":-1}},"53":{"start":{"line":162,"column":4},"end":{"line":null,"column":-1}}},"fnMap":{"0":{"name":"(anonymous_0)","decl":{"start":{"line":41,"column":2},"end":{"line":41,"column":12}},"loc":{"start":{"line":41,"column":16},"end":{"line":59,"column":3}}},"1":{"name":"(anonymous_1)","decl":{"start":{"line":61,"column":17},"end":{"line":61,"column":24}},"loc":{"start":{"line":62,"column":4},"end":{"line":41,"column":16}}},"2":{"name":"(anonymous_2)","decl":{"start":{"line":62,"column":17},"end":{"line":62,"column":23}},"loc":{"start":{"line":62,"column":28},"end":{"line":62,"column":4}}},"3":{"name":"(anonymous_3)","decl":{"start":{"line":68,"column":2},"end":{"line":68,"column":10}},"loc":{"start":{"line":68,"column":18},"end":{"line":75,"column":3}}},"4":{"name":"(anonymous_4)","decl":{"start":{"line":69,"column":28},"end":{"line":69,"column":31}},"loc":{"start":{"line":69,"column":36},"end":{"line":69,"column":11}}},"5":{"name":"(anonymous_5)","decl":{"start":{"line":77,"column":2},"end":{"line":77,"column":19}},"loc":{"start":{"line":77,"column":45},"end":{"line":93,"column":3}}},"6":{"name":"(anonymous_6)","decl":{"start":{"line":95,"column":2},"end":{"line":95,"column":21}},"loc":{"start":{"line":95,"column":37},"end":{"line":105,"column":3}}},"7":{"name":"(anonymous_7)","decl":{"start":{"line":107,"column":2},"end":{"line":107,"column":14}},"loc":{"start":{"line":107,"column":51},"end":{"line":138,"column":3}}},"8":{"name":"(anonymous_8)","decl":{"start":{"line":110,"column":25},"end":{"line":110,"column":26}},"loc":{"start":{"line":111,"column":6},"end":{"line":110,"column":4}}},"9":{"name":"(anonymous_9)","decl":{"start":{"line":117,"column":27},"end":{"line":117,"column":28}},"loc":{"start":{"line":118,"column":6},"end":{"line":117,"column":4}}},"10":{"name":"(anonymous_10)","decl":{"start":{"line":120,"column":12},"end":{"line":120,"column":13}},"loc":{"start":{"line":121,"column":14},"end":{"line":119,"column":10}}},"11":{"name":"(anonymous_11)","decl":{"start":{"line":125,"column":26},"end":{"line":125,"column":33}},"loc":{"start":{"line":126,"column":6},"end":{"line":125,"column":4}}},"12":{"name":"(anonymous_12)","decl":{"start":{"line":127,"column":24},"end":{"line":127,"column":25}},"loc":{"start":{"line":127,"column":29},"end":{"line":127,"column":10}}},"13":{"name":"(anonymous_13)","decl":{"start":{"line":130,"column":53},"end":{"line":130,"column":58}},"loc":{"start":{"line":130,"column":63},"end":{"line":130,"column":27}}},"14":{"name":"(anonymous_14)","decl":{"start":{"line":140,"column":2},"end":{"line":140,"column":18}},"loc":{"start":{"line":140,"column":22},"end":{"line":159,"column":3}}},"15":{"name":"(anonymous_15)","decl":{"start":{"line":142,"column":50},"end":{"line":142,"column":57}},"loc":{"start":{"line":143,"column":6},"end":{"line":142,"column":4}}},"16":{"name":"(anonymous_16)","decl":{"start":{"line":143,"column":27},"end":{"line":143,"column":30}},"loc":{"start":{"line":143,"column":35},"end":{"line":143,"column":6}}},"17":{"name":"(anonymous_17)","decl":{"start":{"line":161,"column":2},"end":{"line":161,"column":7}},"loc":{"start":{"line":161,"column":11},"end":{"line":186,"column":3}}}},"branchMap":{"0":{"loc":{"start":{"line":71,"column":6},"end":{"line":71,"column":22}},"type":"if","locations":[{"start":{"line":71,"column":6},"end":{"line":71,"column":22}},{"start":{"line":71,"column":6},"end":{"line":71,"column":22}}]},"1":{"loc":{"start":{"line":96,"column":4},"end":{"line":96,"column":15}},"type":"if","locations":[{"start":{"line":96,"column":4},"end":{"line":96,"column":15}},{"start":{"line":96,"column":4},"end":{"line":96,"column":15}}]},"2":{"loc":{"start":{"line":101,"column":4},"end":{"line":102,"column":9}},"type":"if","locations":[{"start":{"line":101,"column":4},"end":{"line":102,"column":9}},{"start":{"line":101,"column":4},"end":{"line":102,"column":9}}]},"3":{"loc":{"start":{"line":112,"column":10},"end":{"line":111,"column":6}},"type":"cond-expr","locations":[{"start":{"line":112,"column":10},"end":{"line":111,"column":6}},{"start":{"line":115,"column":10},"end":{"line":110,"column":4}}]},"4":{"loc":{"start":{"line":113,"column":12},"end":{"line":112,"column":15}},"type":"cond-expr","locations":[{"start":{"line":113,"column":12},"end":{"line":112,"column":15}},{"start":{"line":114,"column":12},"end":{"line":111,"column":6}}]},"5":{"loc":{"start":{"line":119,"column":10},"end":{"line":118,"column":6}},"type":"cond-expr","locations":[{"start":{"line":119,"column":10},"end":{"line":118,"column":6}},{"start":{"line":123,"column":10},"end":{"line":117,"column":4}}]},"6":{"loc":{"start":{"line":127,"column":10},"end":{"line":126,"column":6}},"type":"cond-expr","locations":[{"start":{"line":127,"column":10},"end":{"line":126,"column":6}},{"start":{"line":128,"column":10},"end":{"line":125,"column":4}}]},"7":{"loc":{"start":{"line":135,"column":13},"end":{"line":135,"column":24}},"type":"binary-expr","locations":[{"start":{"line":135,"column":13},"end":{"line":135,"column":24}},{"start":{"line":135,"column":28},"end":{"line":135,"column":6}}]}},"s":{"0":0,"1":0,"2":0,"3":0,"4":0,"5":0,"6":0,"7":0,"8":0,"9":0,"10":0,"11":0,"12":0,"13":0,"14":0,"15":0,"16":0,"17":0,"18":0,"19":0,"20":0,"21":0,"22":0,"23":0,"24":0,"25":0,"26":0,"27":0,"28":0,"29":0,"30":0,"31":0,"32":0,"33":0,"34":0,"35":0,"36":0,"37":0,"38":0,"39":0,"40":0,"41":0,"42":0,"43":0,"44":0,"45":0,"46":0,"47":0,"48":0,"49":0,"50":0,"51":0,"52":0,"53":0},"f":{"0":0,"1":0,"2":0,"3":0,"4":0,"5":0,"6":0,"7":0,"8":0,"9":0,"10":0,"11":0,"12":0,"13":0,"14":0,"15":0,"16":0,"17":0},"b":{"0":[0,0],"1":[0,0],"2":[0,0],"3":[0,0],"4":[0,0],"5":[0,0],"6":[0,0],"7":[0,0]}}
,"C:\\Users\\B40429\\client-list\\src\\index.js": {"path":"C:\\Users\\B40429\\client-list\\src\\index.js","statementMap":{"0":{"start":{"line":1,"column":0},"end":{"line":null,"column":-1}},"1":{"start":{"line":2,"column":0},"end":{"line":null,"column":-1}},"2":{"start":{"line":3,"column":0},"end":{"line":null,"column":-1}},"3":{"start":{"line":4,"column":0},"end":{"line":null,"column":-1}},"4":{"start":{"line":6,"column":0},"end":{"line":null,"column":-1}}},"fnMap":{},"branchMap":{},"s":{"0":0,"1":0,"2":0,"3":0,"4":0},"f":{},"b":{}}
,"C:\\Users\\B40429\\client-list\\src\\components\\alphapicker\\index.js": {"path":"C:\\Users\\B40429\\client-list\\src\\components\\alphapicker\\index.js","statementMap":{"0":{"start":{"line":5,"column":17},"end":{"line":15,"column":4}},"1":{"start":{"line":6,"column":2},"end":{"line":15,"column":4}},"2":{"start":{"line":7,"column":4},"end":{"line":14,"column":9}},"3":{"start":{"line":9,"column":23},"end":{"line":9,"column":37}},"4":{"start":{"line":17,"column":20},"end":{"line":37,"column":1}},"5":{"start":{"line":18,"column":30},"end":{"line":18,"column":42}},"6":{"start":{"line":20,"column":21},"end":{"line":23,"column":3}},"7":{"start":{"line":21,"column":4},"end":{"line":21,"column":20}},"8":{"start":{"line":22,"column":4},"end":{"line":22,"column":42}},"9":{"start":{"line":25,"column":2},"end":{"line":36,"column":4}},"10":{"start":{"line":29,"column":33},"end":{"line":29,"column":47}},"11":{"start":{"line":39,"column":0},"end":{"line":42,"column":2}}},"fnMap":{"0":{"name":"(anonymous_0)","decl":{"start":{"line":5,"column":17},"end":{"line":5,"column":18}},"loc":{"start":{"line":6,"column":2},"end":{"line":15,"column":4}},"line":6},"1":{"name":"(anonymous_1)","decl":{"start":{"line":6,"column":12},"end":{"line":6,"column":13}},"loc":{"start":{"line":7,"column":4},"end":{"line":14,"column":9}},"line":7},"2":{"name":"(anonymous_2)","decl":{"start":{"line":9,"column":17},"end":{"line":9,"column":18}},"loc":{"start":{"line":9,"column":23},"end":{"line":9,"column":37}},"line":9},"3":{"name":"(anonymous_3)","decl":{"start":{"line":17,"column":20},"end":{"line":17,"column":21}},"loc":{"start":{"line":17,"column":45},"end":{"line":37,"column":1}},"line":17},"4":{"name":"(anonymous_4)","decl":{"start":{"line":20,"column":21},"end":{"line":20,"column":22}},"loc":{"start":{"line":20,"column":29},"end":{"line":23,"column":3}},"line":20},"5":{"name":"(anonymous_5)","decl":{"start":{"line":29,"column":27},"end":{"line":29,"column":28}},"loc":{"start":{"line":29,"column":33},"end":{"line":29,"column":47}},"line":29}},"branchMap":{"0":{"loc":{"start":{"line":10,"column":32},"end":{"line":10,"column":63}},"type":"cond-expr","locations":[{"start":{"line":10,"column":50},"end":{"line":10,"column":58}},{"start":{"line":10,"column":61},"end":{"line":10,"column":63}}],"line":10}},"s":{"0":1,"1":5,"2":15,"3":1,"4":1,"5":5,"6":5,"7":2,"8":2,"9":5,"10":1,"11":1},"f":{"0":5,"1":15,"2":1,"3":5,"4":2,"5":1},"b":{"0":[1,14]},"_coverageSchema":"332fd63041d2c1bcb487cc26dd0d5f7d97098a6c","hash":"308c7756780d2fb990722cfd9b8a704c8744f865"}
,"C:\\Users\\B40429\\client-list\\src\\components\\aside\\index.js": {"path":"C:\\Users\\B40429\\client-list\\src\\components\\aside\\index.js","statementMap":{"0":{"start":{"line":1,"column":0},"end":{"line":null,"column":-1}},"1":{"start":{"line":2,"column":0},"end":{"line":null,"column":-1}},"2":{"start":{"line":3,"column":0},"end":{"line":null,"column":-1}},"3":{"start":{"line":4,"column":0},"end":{"line":null,"column":-1}},"4":{"start":{"line":6,"column":27},"end":{"line":6,"column":0}},"5":{"start":{"line":7,"column":2},"end":{"line":6,"column":0}},"6":{"start":{"line":11,"column":15},"end":{"line":11,"column":0}},"7":{"start":{"line":12,"column":2},"end":{"line":11,"column":0}},"8":{"start":{"line":16,"column":25},"end":{"line":15,"column":6}},"9":{"start":{"line":27,"column":14},"end":{"line":27,"column":0}},"10":{"start":{"line":28,"column":2},"end":{"line":null,"column":-1}},"11":{"start":{"line":32,"column":8},"end":{"line":31,"column":7}},"12":{"start":{"line":42,"column":0},"end":{"line":null,"column":-1}}},"fnMap":{"0":{"name":"(anonymous_0)","decl":{"start":{"line":6,"column":27},"end":{"line":6,"column":28}},"loc":{"start":{"line":7,"column":2},"end":{"line":6,"column":0}}},"1":{"name":"(anonymous_1)","decl":{"start":{"line":11,"column":15},"end":{"line":11,"column":16}},"loc":{"start":{"line":12,"column":2},"end":{"line":11,"column":0}}},"2":{"name":"(anonymous_2)","decl":{"start":{"line":16,"column":18},"end":{"line":16,"column":20}},"loc":{"start":{"line":16,"column":25},"end":{"line":15,"column":6}}},"3":{"name":"(anonymous_3)","decl":{"start":{"line":27,"column":14},"end":{"line":27,"column":15}},"loc":{"start":{"line":27,"column":43},"end":{"line":27,"column":0}}},"4":{"name":"(anonymous_4)","decl":{"start":{"line":31,"column":19},"end":{"line":31,"column":20}},"loc":{"start":{"line":32,"column":8},"end":{"line":31,"column":7}}}},"branchMap":{"0":{"loc":{"start":{"line":8,"column":43},"end":{"line":8,"column":10}},"type":"cond-expr","locations":[{"start":{"line":8,"column":43},"end":{"line":8,"column":10}},{"start":{"line":8,"column":69},"end":{"line":null,"column":-1}}]}},"s":{"0":0,"1":0,"2":0,"3":0,"4":0,"5":0,"6":0,"7":0,"8":0,"9":0,"10":0,"11":0,"12":0},"f":{"0":0,"1":0,"2":0,"3":0,"4":0},"b":{"0":[0,0]}}
,"C:\\Users\\B40429\\client-list\\src\\components\\client\\index.js": {"path":"C:\\Users\\B40429\\client-list\\src\\components\\client\\index.js","statementMap":{"0":{"start":{"line":4,"column":14},"end":{"line":4,"column":78}},"1":{"start":{"line":4,"column":29},"end":{"line":4,"column":78}},"2":{"start":{"line":6,"column":21},"end":{"line":14,"column":1}},"3":{"start":{"line":7,"column":2},"end":{"line":13,"column":7}},"4":{"start":{"line":9,"column":6},"end":{"line":11,"column":11}},"5":{"start":{"line":16,"column":15},"end":{"line":35,"column":1}},"6":{"start":{"line":17,"column":33},"end":{"line":17,"column":41}},"7":{"start":{"line":19,"column":2},"end":{"line":34,"column":4}}},"fnMap":{"0":{"name":"(anonymous_0)","decl":{"start":{"line":4,"column":14},"end":{"line":4,"column":15}},"loc":{"start":{"line":4,"column":29},"end":{"line":4,"column":78}},"line":4},"1":{"name":"(anonymous_1)","decl":{"start":{"line":6,"column":21},"end":{"line":6,"column":22}},"loc":{"start":{"line":7,"column":2},"end":{"line":13,"column":7}},"line":7},"2":{"name":"(anonymous_2)","decl":{"start":{"line":8,"column":18},"end":{"line":8,"column":19}},"loc":{"start":{"line":9,"column":6},"end":{"line":11,"column":11}},"line":9},"3":{"name":"(anonymous_3)","decl":{"start":{"line":16,"column":15},"end":{"line":16,"column":16}},"loc":{"start":{"line":16,"column":33},"end":{"line":35,"column":1}},"line":16}},"branchMap":{},"s":{"0":2,"1":6,"2":2,"3":5,"4":6,"5":2,"6":5,"7":5},"f":{"0":6,"1":5,"2":6,"3":5},"b":{},"_coverageSchema":"332fd63041d2c1bcb487cc26dd0d5f7d97098a6c","hash":"d7f30a4bf8d0734268b755b85c29163f6910f12f"}
,"C:\\Users\\B40429\\client-list\\src\\components\\clientList\\index.js": {"path":"C:\\Users\\B40429\\client-list\\src\\components\\clientList\\index.js","statementMap":{"0":{"start":{"line":5,"column":19},"end":{"line":13,"column":1}},"1":{"start":{"line":6,"column":2},"end":{"line":12,"column":4}},"2":{"start":{"line":9,"column":8},"end":{"line":9,"column":49}}},"fnMap":{"0":{"name":"(anonymous_0)","decl":{"start":{"line":5,"column":19},"end":{"line":5,"column":20}},"loc":{"start":{"line":5,"column":36},"end":{"line":13,"column":1}},"line":5},"1":{"name":"(anonymous_1)","decl":{"start":{"line":8,"column":19},"end":{"line":8,"column":20}},"loc":{"start":{"line":9,"column":8},"end":{"line":9,"column":49}},"line":9}},"branchMap":{},"s":{"0":1,"1":1,"2":4},"f":{"0":1,"1":4},"b":{},"_coverageSchema":"332fd63041d2c1bcb487cc26dd0d5f7d97098a6c","hash":"bea00da46955dd1ba7c584bd1d721359b4f0133b"}
,"C:\\Users\\B40429\\client-list\\src\\components\\filterSection\\index.js": {"path":"C:\\Users\\B40429\\client-list\\src\\components\\filterSection\\index.js","statementMap":{"0":{"start":{"line":6,"column":23},"end":{"line":12,"column":4}},"1":{"start":{"line":7,"column":2},"end":{"line":12,"column":4}},"2":{"start":{"line":14,"column":15},"end":{"line":31,"column":1}},"3":{"start":{"line":15,"column":2},"end":{"line":30,"column":7}},"4":{"start":{"line":17,"column":6},"end":{"line":28,"column":11}},"5":{"start":{"line":21,"column":29},"end":{"line":21,"column":66}},"6":{"start":{"line":32,"column":14},"end":{"line":37,"column":1}},"7":{"start":{"line":33,"column":2},"end":{"line":36,"column":8}},"8":{"start":{"line":39,"column":22},"end":{"line":45,"column":1}},"9":{"start":{"line":40,"column":2},"end":{"line":44,"column":4}},"10":{"start":{"line":47,"column":0},"end":{"line":51,"column":2}}},"fnMap":{"0":{"name":"(anonymous_0)","decl":{"start":{"line":6,"column":23},"end":{"line":6,"column":24}},"loc":{"start":{"line":7,"column":2},"end":{"line":12,"column":4}},"line":7},"1":{"name":"(anonymous_1)","decl":{"start":{"line":14,"column":15},"end":{"line":14,"column":16}},"loc":{"start":{"line":15,"column":2},"end":{"line":30,"column":7}},"line":15},"2":{"name":"(anonymous_2)","decl":{"start":{"line":16,"column":17},"end":{"line":16,"column":18}},"loc":{"start":{"line":17,"column":6},"end":{"line":28,"column":11}},"line":17},"3":{"name":"(anonymous_3)","decl":{"start":{"line":21,"column":22},"end":{"line":21,"column":23}},"loc":{"start":{"line":21,"column":29},"end":{"line":21,"column":66}},"line":21},"4":{"name":"(anonymous_4)","decl":{"start":{"line":32,"column":14},"end":{"line":32,"column":15}},"loc":{"start":{"line":33,"column":2},"end":{"line":36,"column":8}},"line":33},"5":{"name":"(anonymous_5)","decl":{"start":{"line":39,"column":22},"end":{"line":39,"column":23}},"loc":{"start":{"line":39,"column":58},"end":{"line":45,"column":1}},"line":39}},"branchMap":{},"s":{"0":1,"1":1,"2":1,"3":2,"4":6,"5":1,"6":1,"7":2,"8":1,"9":2,"10":1},"f":{"0":1,"1":2,"2":6,"3":1,"4":2,"5":2},"b":{},"_coverageSchema":"332fd63041d2c1bcb487cc26dd0d5f7d97098a6c","hash":"4deefb4ddd9810e87efcb17067e933d54838c418"}
}
