TN:
SF:C:\Users\B40429\client-list\src\App.js
FN:41,(anonymous_0)
FN:61,(anonymous_1)
FN:62,(anonymous_2)
FN:68,(anonymous_3)
FN:69,(anonymous_4)
FN:77,(anonymous_5)
FN:95,(anonymous_6)
FN:107,(anonymous_7)
FN:110,(anonymous_8)
FN:117,(anonymous_9)
FN:120,(anonymous_10)
FN:125,(anonymous_11)
FN:127,(anonymous_12)
FN:130,(anonymous_13)
FN:140,(anonymous_14)
FN:142,(anonymous_15)
FN:143,(anonymous_16)
FN:161,(anonymous_17)
FNF:18
FNH:0
FNDA:0,(anonymous_0)
FNDA:0,(anonymous_1)
FNDA:0,(anonymous_2)
FNDA:0,(anonymous_3)
FNDA:0,(anonymous_4)
FNDA:0,(anonymous_5)
FNDA:0,(anonymous_6)
FNDA:0,(anonymous_7)
FNDA:0,(anonymous_8)
FNDA:0,(anonymous_9)
FNDA:0,(anonymous_10)
FNDA:0,(anonymous_11)
FNDA:0,(anonymous_12)
FNDA:0,(anonymous_13)
FNDA:0,(anonymous_14)
FNDA:0,(anonymous_15)
FNDA:0,(anonymous_16)
FNDA:0,(anonymous_17)
DA:1,0
DA:2,0
DA:3,0
DA:4,0
DA:5,0
DA:6,0
DA:8,0
DA:9,0
DA:10,0
DA:41,0
DA:42,0
DA:43,0
DA:58,0
DA:62,0
DA:63,0
DA:64,0
DA:65,0
DA:69,0
DA:70,0
DA:71,0
DA:72,0
DA:73,0
DA:78,0
DA:82,0
DA:87,0
DA:96,0
DA:98,0
DA:99,0
DA:101,0
DA:102,0
DA:104,0
DA:108,0
DA:110,0
DA:111,0
DA:117,0
DA:118,0
DA:121,0
DA:125,0
DA:126,0
DA:127,0
DA:130,0
DA:131,0
DA:132,0
DA:133,0
DA:135,0
DA:137,0
DA:142,0
DA:143,0
DA:147,0
DA:149,0
DA:162,0
LF:51
LH:0
BRDA:71,0,0,0
BRDA:71,0,1,0
BRDA:96,1,0,0
BRDA:96,1,1,0
BRDA:101,2,0,0
BRDA:101,2,1,0
BRDA:112,3,0,0
BRDA:112,3,1,0
BRDA:113,4,0,0
BRDA:113,4,1,0
BRDA:119,5,0,0
BRDA:119,5,1,0
BRDA:127,6,0,0
BRDA:127,6,1,0
BRDA:135,7,0,0
BRDA:135,7,1,0
BRF:16
BRH:0
end_of_record
TN:
SF:C:\Users\B40429\client-list\src\index.js
FNF:0
FNH:0
DA:1,0
DA:2,0
DA:3,0
DA:4,0
DA:6,0
LF:5
LH:0
BRF:0
BRH:0
end_of_record
TN:
SF:C:\Users\B40429\client-list\src\components\alphapicker\index.js
FN:5,(anonymous_0)
FN:6,(anonymous_1)
FN:9,(anonymous_2)
FN:17,(anonymous_3)
FN:20,(anonymous_4)
FN:29,(anonymous_5)
FNF:6
FNH:6
FNDA:5,(anonymous_0)
FNDA:15,(anonymous_1)
FNDA:1,(anonymous_2)
FNDA:5,(anonymous_3)
FNDA:2,(anonymous_4)
FNDA:1,(anonymous_5)
DA:5,1
DA:6,5
DA:7,15
DA:9,1
DA:17,1
DA:18,5
DA:20,5
DA:21,2
DA:22,2
DA:25,5
DA:29,1
DA:39,1
LF:12
LH:12
BRDA:10,0,0,1
BRDA:10,0,1,14
BRF:2
BRH:2
end_of_record
TN:
SF:C:\Users\B40429\client-list\src\components\aside\index.js
FN:6,(anonymous_0)
FN:11,(anonymous_1)
FN:16,(anonymous_2)
FN:27,(anonymous_3)
FN:31,(anonymous_4)
FNF:5
FNH:0
FNDA:0,(anonymous_0)
FNDA:0,(anonymous_1)
FNDA:0,(anonymous_2)
FNDA:0,(anonymous_3)
FNDA:0,(anonymous_4)
DA:1,0
DA:2,0
DA:3,0
DA:4,0
DA:6,0
DA:7,0
DA:11,0
DA:12,0
DA:16,0
DA:27,0
DA:28,0
DA:32,0
DA:42,0
LF:13
LH:0
BRDA:8,0,0,0
BRDA:8,0,1,0
BRF:2
BRH:0
end_of_record
TN:
SF:C:\Users\B40429\client-list\src\components\client\index.js
FN:4,(anonymous_0)
FN:6,(anonymous_1)
FN:8,(anonymous_2)
FN:16,(anonymous_3)
FNF:4
FNH:4
FNDA:6,(anonymous_0)
FNDA:5,(anonymous_1)
FNDA:6,(anonymous_2)
FNDA:5,(anonymous_3)
DA:4,6
DA:6,2
DA:7,5
DA:9,6
DA:16,2
DA:17,5
DA:19,5
LF:7
LH:7
BRF:0
BRH:0
end_of_record
TN:
SF:C:\Users\B40429\client-list\src\components\clientList\index.js
FN:5,(anonymous_0)
FN:8,(anonymous_1)
FNF:2
FNH:2
FNDA:1,(anonymous_0)
FNDA:4,(anonymous_1)
DA:5,1
DA:6,1
DA:9,4
LF:3
LH:3
BRF:0
BRH:0
end_of_record
TN:
SF:C:\Users\B40429\client-list\src\components\filterSection\index.js
FN:6,(anonymous_0)
FN:14,(anonymous_1)
FN:16,(anonymous_2)
FN:21,(anonymous_3)
FN:32,(anonymous_4)
FN:39,(anonymous_5)
FNF:6
FNH:6
FNDA:1,(anonymous_0)
FNDA:2,(anonymous_1)
FNDA:6,(anonymous_2)
FNDA:1,(anonymous_3)
FNDA:2,(anonymous_4)
FNDA:2,(anonymous_5)
DA:6,1
DA:7,1
DA:14,1
DA:15,2
DA:17,6
DA:21,1
DA:32,1
DA:33,2
DA:39,1
DA:40,2
DA:47,1
LF:11
LH:11
BRF:0
BRH:0
end_of_record
